Wed Nov 07 15:48:23 CET 2012 : Apache Derby Server di rete: 10.8.1.2 - (1095077) avviato e pronto ad accettare connessioni sulla porta 1527
Wed Nov 07 15:48:23 CET 2012 Thread[DRDAConnThread_3,5,main] Cleanup action starting
java.sql.SQLException: Database 'Progetto' non trovato.
	at org.apache.derby.impl.jdbc.SQLExceptionFactory40.getSQLException(Unknown Source)
	at org.apache.derby.impl.jdbc.Util.newEmbedSQLException(Unknown Source)
	at org.apache.derby.impl.jdbc.Util.newEmbedSQLException(Unknown Source)
	at org.apache.derby.impl.jdbc.Util.generateCsSQLException(Unknown Source)
	at org.apache.derby.impl.jdbc.EmbedConnection.newSQLException(Unknown Source)
	at org.apache.derby.impl.jdbc.EmbedConnection.handleDBNotFound(Unknown Source)
	at org.apache.derby.impl.jdbc.EmbedConnection.<init>(Unknown Source)
	at org.apache.derby.impl.jdbc.EmbedConnection30.<init>(Unknown Source)
	at org.apache.derby.impl.jdbc.EmbedConnection40.<init>(Unknown Source)
	at org.apache.derby.jdbc.Driver40.getNewEmbedConnection(Unknown Source)
	at org.apache.derby.jdbc.InternalDriver.connect(Unknown Source)
	at org.apache.derby.jdbc.AutoloadedDriver.connect(Unknown Source)
	at org.apache.derby.impl.drda.Database.makeConnection(Unknown Source)
	at org.apache.derby.impl.drda.DRDAConnThread.getConnFromDatabaseName(Unknown Source)
	at org.apache.derby.impl.drda.DRDAConnThread.verifyUserIdPassword(Unknown Source)
	at org.apache.derby.impl.drda.DRDAConnThread.parseSECCHK(Unknown Source)
	at org.apache.derby.impl.drda.DRDAConnThread.parseDRDAConnection(Unknown Source)
	at org.apache.derby.impl.drda.DRDAConnThread.processCommands(Unknown Source)
	at org.apache.derby.impl.drda.DRDAConnThread.run(Unknown Source)
Caused by: java.sql.SQLException: Database 'Progetto' non trovato.
	at org.apache.derby.impl.jdbc.SQLExceptionFactory.getSQLException(Unknown Source)
	at org.apache.derby.impl.jdbc.SQLExceptionFactory40.wrapArgsForTransportAcrossDRDA(Unknown Source)
	... 19 more
============= begin nested exception, level (1) ===========
java.sql.SQLException: Database 'Progetto' non trovato.
	at org.apache.derby.impl.jdbc.SQLExceptionFactory.getSQLException(Unknown Source)
	at org.apache.derby.impl.jdbc.SQLExceptionFactory40.wrapArgsForTransportAcrossDRDA(Unknown Source)
	at org.apache.derby.impl.jdbc.SQLExceptionFactory40.getSQLException(Unknown Source)
	at org.apache.derby.impl.jdbc.Util.newEmbedSQLException(Unknown Source)
	at org.apache.derby.impl.jdbc.Util.newEmbedSQLException(Unknown Source)
	at org.apache.derby.impl.jdbc.Util.generateCsSQLException(Unknown Source)
	at org.apache.derby.impl.jdbc.EmbedConnection.newSQLException(Unknown Source)
	at org.apache.derby.impl.jdbc.EmbedConnection.handleDBNotFound(Unknown Source)
	at org.apache.derby.impl.jdbc.EmbedConnection.<init>(Unknown Source)
	at org.apache.derby.impl.jdbc.EmbedConnection30.<init>(Unknown Source)
	at org.apache.derby.impl.jdbc.EmbedConnection40.<init>(Unknown Source)
	at org.apache.derby.jdbc.Driver40.getNewEmbedConnection(Unknown Source)
	at org.apache.derby.jdbc.InternalDriver.connect(Unknown Source)
	at org.apache.derby.jdbc.AutoloadedDriver.connect(Unknown Source)
	at org.apache.derby.impl.drda.Database.makeConnection(Unknown Source)
	at org.apache.derby.impl.drda.DRDAConnThread.getConnFromDatabaseName(Unknown Source)
	at org.apache.derby.impl.drda.DRDAConnThread.verifyUserIdPassword(Unknown Source)
	at org.apache.derby.impl.drda.DRDAConnThread.parseSECCHK(Unknown Source)
	at org.apache.derby.impl.drda.DRDAConnThread.parseDRDAConnection(Unknown Source)
	at org.apache.derby.impl.drda.DRDAConnThread.processCommands(Unknown Source)
	at org.apache.derby.impl.drda.DRDAConnThread.run(Unknown Source)
============= end nested exception, level (1) ===========
Cleanup action completed
Wed Nov 07 15:48:23 CET 2012 Thread[DRDAConnThread_3,5,main] (DATABASE = Progetto), (DRDAID = {1}), Database 'Progetto' non trovato.
----------------------------------------------------------------
Wed Nov 07 15:48:54 CET 2012:
Avvio della versione di Derby The Apache Software Foundation - Apache Derby - 10.8.1.2 - (1095077): istanza a816c00e-013a-db57-ecb9-00002b62fa14
su directory database C:\Users\Daniel\Documents\GitHub\Web\Database\Progetto  con caricatore classi sun.misc.Launcher$AppClassLoader@64601bb1 

java.vendor=Sun Microsystems Inc.
java.runtime.version=1.6.0_15-b03
user.dir=C:\Users\Daniel\Documents\GitHub\Web\Database\javadb
derby.system.home=C:\Users\Daniel\Documents\GitHub\Web\Database
Programma di caricamento classe database avviato - derby.database.classpath=''
----------------------------------------------------------------
Wed Nov 07 15:48:56 CET 2012:
Arresto istanza a816c00e-013a-db57-ecb9-00002b62fa14 con caricatore classi C:\Users\Daniel\Documents\GitHub\Web\Database\Progetto 
Wed Nov 07 15:48:56 CET 2012 Thread[DRDAConnThread_3,5,main] (DATABASE = Progetto), (DRDAID = {3}), Arresto database 'Progetto'.
----------------------------------------------------------------
Wed Nov 07 15:49:00 CET 2012:
Avvio della versione di Derby The Apache Software Foundation - Apache Derby - 10.8.1.2 - (1095077): istanza 6c44409f-013a-db57-ecb9-00002b62fa14
su directory database C:\Users\Daniel\Documents\GitHub\Web\Database\Progetto  con caricatore classi sun.misc.Launcher$AppClassLoader@64601bb1 

java.vendor=Sun Microsystems Inc.
java.runtime.version=1.6.0_15-b03
user.dir=C:\Users\Daniel\Documents\GitHub\Web\Database\javadb
derby.system.home=C:\Users\Daniel\Documents\GitHub\Web\Database
Programma di caricamento classe database avviato - derby.database.classpath=''
